#
# There is insufficient memory for the Java Runtime Environment to continue.
# Native memory allocation (malloc) failed to allocate 940416 bytes for Chunk::new
# Possible reasons:
#   The system is out of physical RAM or swap space
#   In 32 bit mode, the process size limit was hit
# Possible solutions:
#   Reduce memory load on the system
#   Increase physical memory or swap space
#   Check if swap backing store is full
#   Use 64 bit Java on a 64 bit OS
#   Decrease Java heap size (-Xmx/-Xms)
#   Decrease number of Java threads
#   Decrease Java thread stack sizes (-Xss)
#   Set larger code cache with -XX:ReservedCodeCacheSize=
# This output file may be truncated or incomplete.
#
#  Out of Memory Error (allocation.cpp:390), pid=7072, tid=0x000000000000267c
#
# JRE version: OpenJDK Runtime Environment (8.0_152-b01) (build 1.8.0_152-release-915-b01)
# Java VM: OpenJDK 64-Bit Server VM (25.152-b01 mixed mode windows-amd64 compressed oops)
# Failed to write core dump. Minidumps are not enabled by default on client versions of Windows
#

---------------  T H R E A D  ---------------

Current thread (0x000000001475c800):  JavaThread "C2 CompilerThread0" daemon [_thread_in_native, id=9852, stack(0x0000000015d90000,0x0000000015e90000)]

Stack: [0x0000000015d90000,0x0000000015e90000]
[error occurred during error reporting (printing stack bounds), id 0xc0000005]

Native frames: (J=compiled Java code, j=interpreted, Vv=VM code, C=native code)


Current CompileTask:
C2:   7216 1576       4       java.net.URLClassLoader$1::run (5 bytes)


---------------  P R O C E S S  ---------------

Java Threads: ( => current thread )
  0x000000001754e000 JavaThread "Stdin handler" [_thread_blocked, id=7420, stack(0x0000000018b20000,0x0000000018c20000)]
  0x0000000016896000 JavaThread "Daemon worker" [_thread_in_vm, id=6500, stack(0x0000000018a20000,0x0000000018b20000)]
  0x00000000167f8800 JavaThread "Cancel handler" [_thread_blocked, id=6100, stack(0x0000000018920000,0x0000000018a20000)]
  0x0000000016163800 JavaThread "Handler for socket connection from /127.0.0.1:59574 to /127.0.0.1:59576" [_thread_in_native, id=9068, stack(0x0000000018820000,0x0000000018920000)]
  0x00000000175fa000 JavaThread "Daemon" [_thread_blocked, id=6724, stack(0x0000000018720000,0x0000000018820000)]
  0x0000000017368000 JavaThread "Incoming local TCP Connector on port 59574" [_thread_in_native, id=6388, stack(0x0000000018330000,0x0000000018430000)]
  0x00000000160c0800 JavaThread "Service Thread" daemon [_thread_blocked, id=7444, stack(0x0000000016490000,0x0000000016590000)]
  0x0000000014765000 JavaThread "C1 CompilerThread2" daemon [_thread_blocked, id=3752, stack(0x0000000015f90000,0x0000000016090000)]
  0x0000000014760000 JavaThread "C2 CompilerThread1" daemon [_thread_in_native, id=5016, stack(0x0000000015e90000,0x0000000015f90000)]
=>0x000000001475c800 JavaThread "C2 CompilerThread0" daemon [_thread_in_native, id=9852, stack(0x0000000015d90000,0x0000000015e90000)]
  0x000000001475b000 JavaThread "Attach Listener" daemon [_thread_blocked, id=8624, stack(0x0000000015c90000,0x0000000015d90000)]
  0x000000001475a000 JavaThread "Signal Dispatcher" daemon [_thread_blocked, id=8824, stack(0x0000000015b90000,0x0000000015c90000)]
  0x000000000208d000 JavaThread "Finalizer" daemon [_thread_blocked, id=9920, stack(0x00000000159b0000,0x0000000015ab0000)]
  0x0000000002082000 JavaThread "Reference Handler" daemon [_thread_blocked, id=6896, stack(0x00000000158b0000,0x00000000159b0000)]
  0x0000000001f92800 JavaThread "main" [_thread_blocked, id=436, stack(0x0000000001e30000,0x0000000001f30000)]

Other Threads:
  0x0000000014725800 VMThread [stack: 0x00000000157b0000,0x00000000158b0000] [id=5068]
  0x00000000147bc000 WatcherThread [stack: 0x0000000016590000,0x0000000016690000] [id=10208]

VM state:not at safepoint (normal execution)

VM Mutex/Monitor currently owned by a thread:  ([mutex/lock_event])
[0x0000000001f8da70] SystemDictionary_lock - owner thread: 0x0000000000000000

Heap:
 PSYoungGen      total 35328K, used 28431K [0x00000000eab00000, 0x00000000ed000000, 0x0000000100000000)
  eden space 32768K, 79% used [0x00000000eab00000,0x00000000ec447ca0,0x00000000ecb00000)
  from space 2560K, 99% used [0x00000000ecd80000,0x00000000ecffc010,0x00000000ed000000)
  to   space 2560K, 0% used [0x00000000ecb00000,0x00000000ecb00000,0x00000000ecd80000)
 ParOldGen       total 44032K, used 3562K [0x00000000c0000000, 0x00000000c2b00000, 0x00000000eab00000)
  object space 44032K, 8% used [0x00000000c0000000,0x00000000c037a8b8,0x00000000c2b00000)
 Metaspace       used 17336K, capacity 17660K, committed 17792K, reserved 1064960K
  class space    used 2281K, capacity 2392K, committed 2432K, reserved 1048576K

Card table byte_map: [0x0000000011450000,0x0000000011660000] byte_map_base: 0x0000000010e50000

Marking Bits: (ParMarkBitMap*) 0x0000000053b33950
 Begin Bits: [0x0000000011bc0000, 0x0000000012bc0000)
 End Bits:   [0x0000000012bc0000, 0x0000000013bc0000)

Polling page: 0x00000000005e0000

CodeCache: size=245760Kb used=5460Kb max_used=5460Kb free=240299Kb
 bounds [0x0000000002090000, 0x00000000025f0000, 0x0000000011090000]
 total_blobs=1930 nmethods=1556 adapters=287
 compilation: enabled

Compilation events (10 events):
Event: 7.201 Thread 0x0000000014765000 1588       3       org.gradle.internal.service.DefaultServiceRegistry$OwnServices::getService (265 bytes)
Event: 7.203 Thread 0x0000000014765000 nmethod 1588 0x00000000025e2990 code [0x00000000025e2da0, 0x00000000025e52d8]
Event: 7.204 Thread 0x0000000014765000 1589       3       sun.misc.ProxyGenerator::access$700 (7 bytes)
Event: 7.204 Thread 0x0000000014765000 nmethod 1589 0x00000000025e6590 code [0x00000000025e6700, 0x00000000025e68e8]
Event: 7.204 Thread 0x0000000014765000 1591       3       java.io.ByteArrayOutputStream::grow (43 bytes)
Event: 7.204 Thread 0x0000000014765000 nmethod 1591 0x00000000025e6a10 code [0x00000000025e6bc0, 0x00000000025e71b8]
Event: 7.204 Thread 0x0000000014765000 1590       3       sun.misc.ProxyGenerator$ExceptionTableEntry::<init> (26 bytes)
Event: 7.204 Thread 0x0000000014765000 nmethod 1590 0x00000000025e7410 code [0x00000000025e7560, 0x00000000025e7710]
Event: 7.204 Thread 0x0000000014765000 1592       3       org.gradle.internal.service.DefaultServiceRegistry::access$1500 (4 bytes)
Event: 7.205 Thread 0x0000000014765000 nmethod 1592 0x00000000025e77d0 code [0x00000000025e7920, 0x00000000025e7a50]

GC Heap History (8 events):
Event: 0.528 GC heap before
{Heap before GC invocations=1 (full 0):
 PSYoungGen      total 18944K, used 16384K [0x00000000eab00000, 0x00000000ec000000, 0x0000000100000000)
  eden space 16384K, 100% used [0x00000000eab00000,0x00000000ebb00000,0x00000000ebb00000)
  from space 2560K, 0% used [0x00000000ebd80000,0x00000000ebd80000,0x00000000ec000000)
  to   space 2560K, 0% used [0x00000000ebb00000,0x00000000ebb00000,0x00000000ebd80000)
 ParOldGen       total 44032K, used 0K [0x00000000c0000000, 0x00000000c2b00000, 0x00000000eab00000)
  object space 44032K, 0% used [0x00000000c0000000,0x00000000c0000000,0x00000000c2b00000)
 Metaspace       used 5444K, capacity 5944K, committed 6144K, reserved 1056768K
  class space    used 680K, capacity 728K, committed 768K, reserved 1048576K
Event: 0.531 GC heap after
Heap after GC invocations=1 (full 0):
 PSYoungGen      total 18944K, used 2544K [0x00000000eab00000, 0x00000000ec000000, 0x0000000100000000)
  eden space 16384K, 0% used [0x00000000eab00000,0x00000000eab00000,0x00000000ebb00000)
  from space 2560K, 99% used [0x00000000ebb00000,0x00000000ebd7c238,0x00000000ebd80000)
  to   space 2560K, 0% used [0x00000000ebd80000,0x00000000ebd80000,0x00000000ec000000)
 ParOldGen       total 44032K, used 301K [0x00000000c0000000, 0x00000000c2b00000, 0x00000000eab00000)
  object space 44032K, 0% used [0x00000000c0000000,0x00000000c004b6b0,0x00000000c2b00000)
 Metaspace       used 5444K, capacity 5944K, committed 6144K, reserved 1056768K
  class space    used 680K, capacity 728K, committed 768K, reserved 1048576K
}
Event: 0.706 GC heap before
{Heap before GC invocations=2 (full 0):
 PSYoungGen      total 18944K, used 18928K [0x00000000eab00000, 0x00000000ec000000, 0x0000000100000000)
  eden space 16384K, 100% used [0x00000000eab00000,0x00000000ebb00000,0x00000000ebb00000)
  from space 2560K, 99% used [0x00000000ebb00000,0x00000000ebd7c238,0x00000000ebd80000)
  to   space 2560K, 0% used [0x00000000ebd80000,0x00000000ebd80000,0x00000000ec000000)
 ParOldGen       total 44032K, used 301K [0x00000000c0000000, 0x00000000c2b00000, 0x00000000eab00000)
  object space 44032K, 0% used [0x00000000c0000000,0x00000000c004b6b0,0x00000000c2b00000)
 Metaspace       used 5916K, capacity 6320K, committed 6528K, reserved 1056768K
  class space    used 757K, capacity 832K, committed 896K, reserved 1048576K
Event: 0.714 GC heap after
Heap after GC invocations=2 (full 0):
 PSYoungGen      total 18944K, used 2156K [0x00000000eab00000, 0x00000000ed000000, 0x0000000100000000)
  eden space 16384K, 0% used [0x00000000eab00000,0x00000000eab00000,0x00000000ebb00000)
  from space 2560K, 84% used [0x00000000ebd80000,0x00000000ebf9b2a0,0x00000000ec000000)
  to   space 2560K, 0% used [0x00000000ebb00000,0x00000000ebb00000,0x00000000ebd80000)
 ParOldGen       total 44032K, used 301K [0x00000000c0000000, 0x00000000c2b00000, 0x00000000eab00000)
  object space 44032K, 0% used [0x00000000c0000000,0x00000000c004b6b0,0x00000000c2b00000)
 Metaspace       used 5916K, capacity 6320K, committed 6528K, reserved 1056768K
  class space    used 757K, capacity 832K, committed 896K, reserved 1048576K
}
Event: 6.663 GC heap before
{Heap before GC invocations=3 (full 0):
 PSYoungGen      total 18944K, used 18540K [0x00000000eab00000, 0x00000000ed000000, 0x0000000100000000)
  eden space 16384K, 100% used [0x00000000eab00000,0x00000000ebb00000,0x00000000ebb00000)
  from space 2560K, 84% used [0x00000000ebd80000,0x00000000ebf9b2a0,0x00000000ec000000)
  to   space 2560K, 0% used [0x00000000ebb00000,0x00000000ebb00000,0x00000000ebd80000)
 ParOldGen       total 44032K, used 301K [0x00000000c0000000, 0x00000000c2b00000, 0x00000000eab00000)
  object space 44032K, 0% used [0x00000000c0000000,0x00000000c004b6b0,0x00000000c2b00000)
 Metaspace       used 10617K, capacity 10954K, committed 11264K, reserved 1058816K
  class space    used 1333K, capacity 1461K, committed 1536K, reserved 1048576K
Event: 6.669 GC heap after
Heap after GC invocations=3 (full 0):
 PSYoungGen      total 18944K, used 2544K [0x00000000eab00000, 0x00000000ed000000, 0x0000000100000000)
  eden space 16384K, 0% used [0x00000000eab00000,0x00000000eab00000,0x00000000ebb00000)
  from space 2560K, 99% used [0x00000000ebb00000,0x00000000ebd7c010,0x00000000ebd80000)
  to   space 2560K, 0% used [0x00000000ecd80000,0x00000000ecd80000,0x00000000ed000000)
 ParOldGen       total 44032K, used 1541K [0x00000000c0000000, 0x00000000c2b00000, 0x00000000eab00000)
  object space 44032K, 3% used [0x00000000c0000000,0x00000000c0181790,0x00000000c2b00000)
 Metaspace       used 10617K, capacity 10954K, committed 11264K, reserved 1058816K
  class space    used 1333K, capacity 1461K, committed 1536K, reserved 1048576K
}
Event: 6.836 GC heap before
{Heap before GC invocations=4 (full 0):
 PSYoungGen      total 18944K, used 18928K [0x00000000eab00000, 0x00000000ed000000, 0x0000000100000000)
  eden space 16384K, 100% used [0x00000000eab00000,0x00000000ebb00000,0x00000000ebb00000)
  from space 2560K, 99% used [0x00000000ebb00000,0x00000000ebd7c010,0x00000000ebd80000)
  to   space 2560K, 0% used [0x00000000ecd80000,0x00000000ecd80000,0x00000000ed000000)
 ParOldGen       total 44032K, used 1541K [0x00000000c0000000, 0x00000000c2b00000, 0x00000000eab00000)
  object space 44032K, 3% used [0x00000000c0000000,0x00000000c0181790,0x00000000c2b00000)
 Metaspace       used 12327K, capacity 12668K, committed 12800K, reserved 1060864K
  class space    used 1624K, capacity 1752K, committed 1792K, reserved 1048576K
Event: 6.841 GC heap after
Heap after GC invocations=4 (full 0):
 PSYoungGen      total 35328K, used 2544K [0x00000000eab00000, 0x00000000ed000000, 0x0000000100000000)
  eden space 32768K, 0% used [0x00000000eab00000,0x00000000eab00000,0x00000000ecb00000)
  from space 2560K, 99% used [0x00000000ecd80000,0x00000000ecffc010,0x00000000ed000000)
  to   space 2560K, 0% used [0x00000000ecb00000,0x00000000ecb00000,0x00000000ecd80000)
 ParOldGen       total 44032K, used 3562K [0x00000000c0000000, 0x00000000c2b00000, 0x00000000eab00000)
  object space 44032K, 8% used [0x00000000c0000000,0x00000000c037a8b8,0x00000000c2b00000)
 Metaspace       used 12327K, capacity 12668K, committed 12800K, reserved 1060864K
  class space    used 1624K, capacity 1752K, committed 1792K, reserved 1048576K
}

Deoptimization events (10 events):
Event: 7.024 Thread 0x0000000016896000 Uncommon trap: reason=class_check action=maybe_recompile pc=0x00000000025c4628 method=org.gradle.internal.service.DefaultServiceRegistry$ClassSpec.isSatisfiedBy(Ljava/lang/Object;)Z @ 2
Event: 7.024 Thread 0x0000000016896000 Uncommon trap: reason=class_check action=maybe_recompile pc=0x00000000025c4628 method=org.gradle.internal.service.DefaultServiceRegistry$ClassSpec.isSatisfiedBy(Ljava/lang/Object;)Z @ 2
Event: 7.024 Thread 0x0000000016896000 Uncommon trap: reason=class_check action=maybe_recompile pc=0x00000000025c4628 method=org.gradle.internal.service.DefaultServiceRegistry$ClassSpec.isSatisfiedBy(Ljava/lang/Object;)Z @ 2
Event: 7.024 Thread 0x0000000016896000 Uncommon trap: reason=class_check action=maybe_recompile pc=0x00000000025c4628 method=org.gradle.internal.service.DefaultServiceRegistry$ClassSpec.isSatisfiedBy(Ljava/lang/Object;)Z @ 2
Event: 7.033 Thread 0x0000000016896000 Uncommon trap: reason=unstable_if action=reinterpret pc=0x000000000244be54 method=java.nio.charset.CoderResult.isOverflow()Z @ 5
Event: 7.033 Thread 0x0000000016896000 Uncommon trap: reason=unstable_if action=reinterpret pc=0x000000000244bc14 method=java.nio.charset.CoderResult.isUnderflow()Z @ 4
Event: 7.197 Thread 0x0000000016896000 Uncommon trap: reason=class_check action=maybe_recompile pc=0x00000000025c22bc method=org.gradle.internal.service.DefaultServiceRegistry$SingletonService.getService(Lorg/gradle/internal/service/DefaultServiceRegistry$LookupContext;Lorg/gradle/internal/ser
Event: 7.197 Thread 0x0000000016896000 Uncommon trap: reason=class_check action=maybe_recompile pc=0x00000000025c22bc method=org.gradle.internal.service.DefaultServiceRegistry$SingletonService.getService(Lorg/gradle/internal/service/DefaultServiceRegistry$LookupContext;Lorg/gradle/internal/ser
Event: 7.197 Thread 0x0000000016896000 Uncommon trap: reason=class_check action=maybe_recompile pc=0x00000000025c22bc method=org.gradle.internal.service.DefaultServiceRegistry$SingletonService.getService(Lorg/gradle/internal/service/DefaultServiceRegistry$LookupContext;Lorg/gradle/internal/ser
Event: 7.197 Thread 0x0000000016896000 Uncommon trap: reason=class_check action=maybe_recompile pc=0x00000000025c22bc method=org.gradle.internal.service.DefaultServiceRegistry$SingletonService.getService(Lorg/gradle/internal/service/DefaultServiceRegistry$LookupContext;Lorg/gradle/internal/ser

Classes redefined (0 events):
No events

Internal exceptions (10 events):
Event: 7.001 Thread 0x0000000016896000 Exception <a 'java/lang/ClassNotFoundException': groovy/lang/ExpandoMetaClassBeanInfo> (0x00000000eb4b05e0) thrown at [D:\src\AOSP-openjdk-cygwin\jdk8u\hotspot\src\share\vm\classfile\systemDictionary.cpp, line 210]
Event: 7.001 Thread 0x0000000016896000 Exception <a 'java/lang/ClassNotFoundException': groovy/lang/MetaClassImplBeanInfo> (0x00000000eb4badf8) thrown at [D:\src\AOSP-openjdk-cygwin\jdk8u\hotspot\src\share\vm\classfile\systemDictionary.cpp, line 210]
Event: 7.001 Thread 0x0000000016896000 Exception <a 'java/lang/ClassNotFoundException': java/lang/ObjectBeanInfo> (0x00000000eb4bfba0) thrown at [D:\src\AOSP-openjdk-cygwin\jdk8u\hotspot\src\share\vm\classfile\systemDictionary.cpp, line 210]
Event: 7.001 Thread 0x0000000016896000 Exception <a 'java/lang/ClassNotFoundException': java/lang/ObjectCustomizer> (0x00000000eb4c4a90) thrown at [D:\src\AOSP-openjdk-cygwin\jdk8u\hotspot\src\share\vm\classfile\systemDictionary.cpp, line 210]
Event: 7.004 Thread 0x0000000016896000 Exception <a 'java/lang/ClassNotFoundException': groovy/lang/MetaClassImplCustomizer> (0x00000000eb4d6f90) thrown at [D:\src\AOSP-openjdk-cygwin\jdk8u\hotspot\src\share\vm\classfile\systemDictionary.cpp, line 210]
Event: 7.006 Thread 0x0000000016896000 Exception <a 'java/lang/ClassNotFoundException': groovy/lang/ExpandoMetaClassCustomizer> (0x00000000eb50a6e0) thrown at [D:\src\AOSP-openjdk-cygwin\jdk8u\hotspot\src\share\vm\classfile\systemDictionary.cpp, line 210]
Event: 7.013 Thread 0x0000000016896000 Exception <a 'java/lang/ClassNotFoundException': org/gradle/api/internal/plugins/DefaultExtraPropertiesExtensionBeanInfo> (0x00000000eb58ac60) thrown at [D:\src\AOSP-openjdk-cygwin\jdk8u\hotspot\src\share\vm\classfile\systemDictionary.cpp, line 210]
Event: 7.013 Thread 0x0000000016896000 Exception <a 'java/lang/ClassNotFoundException': groovy/lang/GroovyObjectSupportBeanInfo> (0x00000000eb596578) thrown at [D:\src\AOSP-openjdk-cygwin\jdk8u\hotspot\src\share\vm\classfile\systemDictionary.cpp, line 210]
Event: 7.013 Thread 0x0000000016896000 Exception <a 'java/lang/ClassNotFoundException': groovy/lang/GroovyObjectSupportCustomizer> (0x00000000eb5a21f8) thrown at [D:\src\AOSP-openjdk-cygwin\jdk8u\hotspot\src\share\vm\classfile\systemDictionary.cpp, line 210]
Event: 7.014 Thread 0x0000000016896000 Exception <a 'java/lang/ClassNotFoundException': org/gradle/api/internal/plugins/DefaultExtraPropertiesExtensionCustomizer> (0x00000000eb5b7de8) thrown at [D:\src\AOSP-openjdk-cygwin\jdk8u\hotspot\src\share\vm\classfile\systemDictionary.cpp, line 210]

Events (10 events):
Event: 7.212 loading class org/gradle/cli/CommandLineArgumentException
Event: 7.212 loading class org/gradle/cli/CommandLineArgumentException done
Event: 7.212 loading class org/gradle/execution/commandline/TaskConfigurationException
Event: 7.212 loading class org/gradle/execution/commandline/TaskConfigurationException done
Event: 7.213 loading class org/gradle/execution/DefaultTasksBuildExecutionAction
Event: 7.213 loading class org/gradle/execution/DefaultTasksBuildExecutionAction done
Event: 7.213 loading class org/gradle/execution/BuildConfigurationAction
Event: 7.213 loading class org/gradle/execution/BuildConfigurationAction done
Event: 7.213 loading class org/gradle/execution/TaskNameResolvingBuildConfigurationAction
Event: 7.213 loading class org/gradle/execution/TaskNameResolvingBuildConfigurationAction done


Dynamic libraries:
0x00007ff753e70000 - 0x00007ff753ea1000 	C:\Program Files\Android\Android Studio1\jre\bin\java.exe
0x00007ffb14740000 - 0x00007ffb148ed000 	C:\Windows\SYSTEM32\ntdll.dll
0x00007ffb12170000 - 0x00007ffb122aa000 	C:\Windows\system32\KERNEL32.DLL
0x00007ffb11a20000 - 0x00007ffb11b35000 	C:\Windows\system32\KERNELBASE.dll
0x00007ffb12a10000 - 0x00007ffb12aba000 	C:\Windows\system32\ADVAPI32.dll
0x00007ffb11ff0000 - 0x00007ffb12167000 	C:\Windows\system32\USER32.dll
0x00007ffb0f8e0000 - 0x00007ffb0fb5a000 	C:\Windows\WinSxS\amd64_microsoft.windows.common-controls_6595b64144ccf1df_6.0.9600.17810_none_6240b9c7ecbd0bda\COMCTL32.dll
0x00007ffb142b0000 - 0x00007ffb14357000 	C:\Windows\system32\msvcrt.dll
0x00007ffb12900000 - 0x00007ffb12959000 	C:\Windows\SYSTEM32\sechost.dll
0x00007ffb12720000 - 0x00007ffb12860000 	C:\Windows\system32\RPCRT4.dll
0x00007ffb14100000 - 0x00007ffb1424b000 	C:\Windows\system32\GDI32.dll
0x00007ffb11dd0000 - 0x00007ffb11dfe000 	C:\Windows\system32\SspiCli.dll
0x00007ffb140c0000 - 0x00007ffb140f4000 	C:\Windows\system32\IMM32.DLL
0x00007ffb123a0000 - 0x00007ffb124f2000 	C:\Windows\system32\MSCTF.dll
0x0000000054080000 - 0x0000000054152000 	C:\Program Files\Android\Android Studio1\jre\jre\bin\msvcr100.dll
0x0000000053370000 - 0x0000000053bae000 	C:\Program Files\Android\Android Studio1\jre\jre\bin\server\jvm.dll
0x00007ffb09f10000 - 0x00007ffb09f19000 	C:\Windows\SYSTEM32\WSOCK32.dll
0x00007ffb10460000 - 0x00007ffb1047f000 	C:\Windows\SYSTEM32\WINMM.dll
0x00007ffb0fdd0000 - 0x00007ffb0fdda000 	C:\Windows\SYSTEM32\VERSION.dll
0x00007ffb11fe0000 - 0x00007ffb11fe7000 	C:\Windows\system32\PSAPI.DLL
0x00007ffb14370000 - 0x00007ffb143ca000 	C:\Windows\system32\WS2_32.dll
0x00007ffb10390000 - 0x00007ffb103ba000 	C:\Windows\SYSTEM32\WINMMBASE.dll
0x00007ffb14360000 - 0x00007ffb14369000 	C:\Windows\system32\NSI.dll
0x00007ffb11d20000 - 0x00007ffb11d6a000 	C:\Windows\SYSTEM32\cfgmgr32.dll
0x00007ffb106f0000 - 0x00007ffb10716000 	C:\Windows\SYSTEM32\DEVOBJ.dll
0x00007ffb0ebc0000 - 0x00007ffb0ebcf000 	C:\Program Files\Android\Android Studio1\jre\jre\bin\verify.dll
0x00007ffafe8f0000 - 0x00007ffafe919000 	C:\Program Files\Android\Android Studio1\jre\jre\bin\java.dll
0x00007ffb0af70000 - 0x00007ffb0af86000 	C:\Program Files\Android\Android Studio1\jre\jre\bin\zip.dll
0x00007ffb12b90000 - 0x00007ffb140b9000 	C:\Windows\system32\SHELL32.dll
0x00007ffb12500000 - 0x00007ffb12712000 	C:\Windows\SYSTEM32\combase.dll
0x00007ffb122b0000 - 0x00007ffb12301000 	C:\Windows\system32\SHLWAPI.dll
0x00007ffb0fd30000 - 0x00007ffb0fdcf000 	C:\Windows\SYSTEM32\SHCORE.dll
0x00007ffb118a0000 - 0x00007ffb118b4000 	C:\Windows\SYSTEM32\profapi.dll
0x00007ffb01d50000 - 0x00007ffb01d6a000 	C:\Program Files\Android\Android Studio1\jre\jre\bin\net.dll
0x00007ffb11150000 - 0x00007ffb111a9000 	C:\Windows\system32\mswsock.dll
0x00007ffafe310000 - 0x00007ffafe321000 	C:\Program Files\Android\Android Studio1\jre\jre\bin\nio.dll
0x00007ffafab60000 - 0x00007ffafab72000 	C:\Users\LAPTOP\.gradle\native\19\windows-amd64\native-platform.dll
0x00007ffb104a0000 - 0x00007ffb104ca000 	C:\Windows\SYSTEM32\IPHLPAPI.DLL
0x00007ffb10450000 - 0x00007ffb1045a000 	C:\Windows\SYSTEM32\WINNSI.DLL
0x00007ffb0e470000 - 0x00007ffb0e484000 	C:\Windows\SYSTEM32\dhcpcsvc6.DLL
0x00007ffb0e450000 - 0x00007ffb0e469000 	C:\Windows\SYSTEM32\dhcpcsvc.DLL
0x00007ffb111b0000 - 0x00007ffb111ce000 	C:\Windows\SYSTEM32\CRYPTSP.dll
0x00007ffb10d80000 - 0x00007ffb10db5000 	C:\Windows\system32\rsaenh.dll
0x00007ffb113f0000 - 0x00007ffb11416000 	C:\Windows\SYSTEM32\bcrypt.dll
0x00007ffb10e90000 - 0x00007ffb10eae000 	C:\Windows\SYSTEM32\USERENV.dll
0x00007ffb11700000 - 0x00007ffb11763000 	C:\Windows\system32\bcryptprimitives.dll
0x00007ffb11770000 - 0x00007ffb1177a000 	C:\Windows\SYSTEM32\CRYPTBASE.dll

VM Arguments:
jvm_args: -XX:MaxPermSize=256m -XX:+HeapDumpOnOutOfMemoryError -Xmx1024m -Dfile.encoding=windows-1252 -Duser.country=US -Duser.language=en -Duser.variant 
java_command: org.gradle.launcher.daemon.bootstrap.GradleDaemon 2.10
java_class_path (initial): C:\Users\LAPTOP\.gradle\wrapper\dists\gradle-2.10-all\a4w5fzrkeut1ox71xslb49gst\gradle-2.10\lib\gradle-launcher-2.10.jar
Launcher Type: SUN_STANDARD

Environment Variables:
CLASSPATH=C:\Program Files\Java\jdk1.7.0_45\bin;.;
PATH=C:\ProgramData\Oracle\Java\javapath;C:\oraclexe\app\oracle\product\10.2.0\server\bin;C:\Program Files\Java\jdk1.7.0_45\bin;C:\Program Files (x86)\Windows Kits\10\Windows Performance Toolkit\;C:\Program Files (x86)\Skype\Phone\
USERNAME=LAPTOP
OS=Windows_NT
PROCESSOR_IDENTIFIER=Intel64 Family 6 Model 78 Stepping 3, GenuineIntel



---------------  S Y S T E M  ---------------

OS: Windows 8.1 , 64 bit Build 9600 (6.3.9600.17056)

CPU:total 4 (initial active 4) (2 cores per cpu, 2 threads per core) family 6 model 78 stepping 3, cmov, cx8, fxsr, mmx, sse, sse2, sse3, ssse3, sse4.1, sse4.2, popcnt, avx, avx2, aes, clmul, erms, 3dnowpref, lzcnt, ht, tsc, tscinvbit, bmi1, bmi2

Memory: 4k page, physical 4082696k(220652k free), swap 7228424k(5564k free)

vm_info: OpenJDK 64-Bit Server VM (25.152-b01) for windows-amd64 JRE (1.8.0_152-release-915-b01), built by "builder" with MS VC++ 10.0 (VS2010)

time: Fri Mar 30 23:33:20 2018
elapsed time: 7 seconds (0d 0h 0m 7s)

