#
# There is insufficient memory for the Java Runtime Environment to continue.
# Native memory allocation (malloc) failed to allocate 249616 bytes for Chunk::new
# Possible reasons:
#   The system is out of physical RAM or swap space
#   In 32 bit mode, the process size limit was hit
# Possible solutions:
#   Reduce memory load on the system
#   Increase physical memory or swap space
#   Check if swap backing store is full
#   Use 64 bit Java on a 64 bit OS
#   Decrease Java heap size (-Xmx/-Xms)
#   Decrease number of Java threads
#   Decrease Java thread stack sizes (-Xss)
#   Set larger code cache with -XX:ReservedCodeCacheSize=
# This output file may be truncated or incomplete.
#
#  Out of Memory Error (allocation.cpp:390), pid=3892, tid=0x0000000000001fd8
#
# JRE version: OpenJDK Runtime Environment (8.0_152-b01) (build 1.8.0_152-release-915-b01)
# Java VM: OpenJDK 64-Bit Server VM (25.152-b01 mixed mode windows-amd64 compressed oops)
# Failed to write core dump. Minidumps are not enabled by default on client versions of Windows
#

---------------  T H R E A D  ---------------

Current thread (0x0000000015141000):  JavaThread "C2 CompilerThread1" daemon [_thread_in_native, id=8152, stack(0x0000000016870000,0x0000000016970000)]

Stack: [0x0000000016870000,0x0000000016970000]
[error occurred during error reporting (printing stack bounds), id 0xc0000005]

Native frames: (J=compiled Java code, j=interpreted, Vv=VM code, C=native code)


Current CompileTask:
C2:  10951 1568       4       org.gradle.logging.internal.AbstractStyledTextOutput::text (19 bytes)


---------------  P R O C E S S  ---------------

Java Threads: ( => current thread )
  0x000000001a433000 JavaThread "File lock request listener" [_thread_in_native, id=6832, stack(0x0000000019c00000,0x0000000019d00000)]
  0x0000000017de8800 JavaThread "Stdin handler" [_thread_blocked, id=5296, stack(0x0000000019500000,0x0000000019600000)]
  0x0000000017e38000 JavaThread "Daemon worker" [_thread_in_vm, id=7472, stack(0x0000000019400000,0x0000000019500000)]
  0x0000000016cb5800 JavaThread "Cancel handler" [_thread_blocked, id=6160, stack(0x0000000019300000,0x0000000019400000)]
  0x0000000017c65000 JavaThread "Handler for socket connection from /127.0.0.1:59446 to /127.0.0.1:59447" [_thread_in_native, id=4592, stack(0x0000000019200000,0x0000000019300000)]
  0x0000000017c64800 JavaThread "Daemon" [_thread_blocked, id=8608, stack(0x0000000019100000,0x0000000019200000)]
  0x0000000017486800 JavaThread "Incoming local TCP Connector on port 59446" [_thread_in_native, id=8948, stack(0x0000000018d10000,0x0000000018e10000)]
  0x0000000016a98800 JavaThread "Service Thread" daemon [_thread_blocked, id=6908, stack(0x0000000016e70000,0x0000000016f70000)]
  0x0000000015148000 JavaThread "C1 CompilerThread2" daemon [_thread_blocked, id=3140, stack(0x0000000016970000,0x0000000016a70000)]
=>0x0000000015141000 JavaThread "C2 CompilerThread1" daemon [_thread_in_native, id=8152, stack(0x0000000016870000,0x0000000016970000)]
  0x000000001513e000 JavaThread "C2 CompilerThread0" daemon [_thread_in_native, id=9512, stack(0x0000000016770000,0x0000000016870000)]
  0x000000001513c000 JavaThread "Attach Listener" daemon [_thread_blocked, id=5312, stack(0x0000000016670000,0x0000000016770000)]
  0x000000001513b000 JavaThread "Signal Dispatcher" daemon [_thread_blocked, id=6120, stack(0x0000000016570000,0x0000000016670000)]
  0x0000000002a6d000 JavaThread "Finalizer" daemon [_thread_blocked, id=10028, stack(0x0000000016390000,0x0000000016490000)]
  0x0000000002a62000 JavaThread "Reference Handler" daemon [_thread_blocked, id=772, stack(0x0000000016290000,0x0000000016390000)]
  0x0000000002972800 JavaThread "main" [_thread_blocked, id=9300, stack(0x0000000002870000,0x0000000002970000)]

Other Threads:
  0x0000000015105800 VMThread [stack: 0x0000000016190000,0x0000000016290000] [id=5184]
  0x000000001519e800 WatcherThread [stack: 0x0000000016f70000,0x0000000017070000] [id=6320]

VM state:not at safepoint (normal execution)

VM Mutex/Monitor currently owned by a thread: None

Heap:
 PSYoungGen      total 18944K, used 13601K [0x00000000eab00000, 0x00000000ed900000, 0x0000000100000000)
  eden space 16384K, 67% used [0x00000000eab00000,0x00000000eb5d07a8,0x00000000ebb00000)
  from space 2560K, 98% used [0x00000000ebb00000,0x00000000ebd78020,0x00000000ebd80000)
  to   space 7168K, 0% used [0x00000000ed200000,0x00000000ed200000,0x00000000ed900000)
 ParOldGen       total 44032K, used 7191K [0x00000000c0000000, 0x00000000c2b00000, 0x00000000eab00000)
  object space 44032K, 16% used [0x00000000c0000000,0x00000000c0705d38,0x00000000c2b00000)
 Metaspace       used 17536K, capacity 17870K, committed 18048K, reserved 1064960K
  class space    used 2319K, capacity 2423K, committed 2432K, reserved 1048576K

Card table byte_map: [0x0000000011e30000,0x0000000012040000] byte_map_base: 0x0000000011830000

Marking Bits: (ParMarkBitMap*) 0x0000000053b33950
 Begin Bits: [0x00000000125a0000, 0x00000000135a0000)
 End Bits:   [0x00000000135a0000, 0x00000000145a0000)

Polling page: 0x0000000000ff0000

CodeCache: size=245760Kb used=5408Kb max_used=5409Kb free=240351Kb
 bounds [0x0000000002a70000, 0x0000000002fc0000, 0x0000000011a70000]
 total_blobs=1914 nmethods=1536 adapters=291
 compilation: enabled

Compilation events (10 events):
Event: 10.314 Thread 0x0000000015148000 nmethod 1562 0x0000000002fab550 code [0x0000000002fab6a0, 0x0000000002fab850]
Event: 10.314 Thread 0x0000000015148000 1564       3       org.gradle.internal.service.DefaultServiceRegistry::access$1500 (4 bytes)
Event: 10.314 Thread 0x0000000015148000 nmethod 1564 0x0000000002fab250 code [0x0000000002fab3a0, 0x0000000002fab4d0]
Event: 10.319 Thread 0x0000000015141000 1565       4       java.lang.ref.Finalizer::register (10 bytes)
Event: 10.322 Thread 0x0000000015141000 nmethod 1565 0x0000000002fbb8d0 code [0x0000000002fbba40, 0x0000000002fbbdb8]
Event: 10.333 Thread 0x0000000015148000 1566       3       org.gradle.internal.service.DefaultServiceRegistry$CompositeProvider::getService (54 bytes)
Event: 10.334 Thread 0x0000000015148000 nmethod 1566 0x0000000002fbac90 code [0x0000000002fbae40, 0x0000000002fbb4b8]
Event: 10.538 Thread 0x0000000015148000 1567       3       org.gradle.internal.SystemProperties::getLineSeparator (6 bytes)
Event: 10.538 Thread 0x0000000015148000 nmethod 1567 0x0000000002fba510 code [0x0000000002fba6c0, 0x0000000002fbaae8]
Event: 10.541 Thread 0x0000000015141000 1568       4       org.gradle.logging.internal.AbstractStyledTextOutput::text (19 bytes)

GC Heap History (10 events):
Event: 0.550 GC heap before
{Heap before GC invocations=1 (full 0):
 PSYoungGen      total 18944K, used 16384K [0x00000000eab00000, 0x00000000ec000000, 0x0000000100000000)
  eden space 16384K, 100% used [0x00000000eab00000,0x00000000ebb00000,0x00000000ebb00000)
  from space 2560K, 0% used [0x00000000ebd80000,0x00000000ebd80000,0x00000000ec000000)
  to   space 2560K, 0% used [0x00000000ebb00000,0x00000000ebb00000,0x00000000ebd80000)
 ParOldGen       total 44032K, used 0K [0x00000000c0000000, 0x00000000c2b00000, 0x00000000eab00000)
  object space 44032K, 0% used [0x00000000c0000000,0x00000000c0000000,0x00000000c2b00000)
 Metaspace       used 5444K, capacity 5944K, committed 6144K, reserved 1056768K
  class space    used 680K, capacity 728K, committed 768K, reserved 1048576K
Event: 0.554 GC heap after
Heap after GC invocations=1 (full 0):
 PSYoungGen      total 18944K, used 2544K [0x00000000eab00000, 0x00000000ec000000, 0x0000000100000000)
  eden space 16384K, 0% used [0x00000000eab00000,0x00000000eab00000,0x00000000ebb00000)
  from space 2560K, 99% used [0x00000000ebb00000,0x00000000ebd7c258,0x00000000ebd80000)
  to   space 2560K, 0% used [0x00000000ebd80000,0x00000000ebd80000,0x00000000ec000000)
 ParOldGen       total 44032K, used 234K [0x00000000c0000000, 0x00000000c2b00000, 0x00000000eab00000)
  object space 44032K, 0% used [0x00000000c0000000,0x00000000c003a868,0x00000000c2b00000)
 Metaspace       used 5444K, capacity 5944K, committed 6144K, reserved 1056768K
  class space    used 680K, capacity 728K, committed 768K, reserved 1048576K
}
Event: 2.212 GC heap before
{Heap before GC invocations=2 (full 0):
 PSYoungGen      total 18944K, used 18928K [0x00000000eab00000, 0x00000000ec000000, 0x0000000100000000)
  eden space 16384K, 100% used [0x00000000eab00000,0x00000000ebb00000,0x00000000ebb00000)
  from space 2560K, 99% used [0x00000000ebb00000,0x00000000ebd7c258,0x00000000ebd80000)
  to   space 2560K, 0% used [0x00000000ebd80000,0x00000000ebd80000,0x00000000ec000000)
 ParOldGen       total 44032K, used 234K [0x00000000c0000000, 0x00000000c2b00000, 0x00000000eab00000)
  object space 44032K, 0% used [0x00000000c0000000,0x00000000c003a868,0x00000000c2b00000)
 Metaspace       used 5923K, capacity 6320K, committed 6528K, reserved 1056768K
  class space    used 763K, capacity 832K, committed 896K, reserved 1048576K
Event: 2.216 GC heap after
Heap after GC invocations=2 (full 0):
 PSYoungGen      total 18944K, used 2220K [0x00000000eab00000, 0x00000000ec000000, 0x0000000100000000)
  eden space 16384K, 0% used [0x00000000eab00000,0x00000000eab00000,0x00000000ebb00000)
  from space 2560K, 86% used [0x00000000ebd80000,0x00000000ebfab2a0,0x00000000ec000000)
  to   space 2560K, 0% used [0x00000000ebb00000,0x00000000ebb00000,0x00000000ebd80000)
 ParOldGen       total 44032K, used 242K [0x00000000c0000000, 0x00000000c2b00000, 0x00000000eab00000)
  object space 44032K, 0% used [0x00000000c0000000,0x00000000c003c868,0x00000000c2b00000)
 Metaspace       used 5923K, capacity 6320K, committed 6528K, reserved 1056768K
  class space    used 763K, capacity 832K, committed 896K, reserved 1048576K
}
Event: 9.448 GC heap before
{Heap before GC invocations=3 (full 0):
 PSYoungGen      total 18944K, used 18604K [0x00000000eab00000, 0x00000000ec000000, 0x0000000100000000)
  eden space 16384K, 100% used [0x00000000eab00000,0x00000000ebb00000,0x00000000ebb00000)
  from space 2560K, 86% used [0x00000000ebd80000,0x00000000ebfab2a0,0x00000000ec000000)
  to   space 2560K, 0% used [0x00000000ebb00000,0x00000000ebb00000,0x00000000ebd80000)
 ParOldGen       total 44032K, used 242K [0x00000000c0000000, 0x00000000c2b00000, 0x00000000eab00000)
  object space 44032K, 0% used [0x00000000c0000000,0x00000000c003c868,0x00000000c2b00000)
 Metaspace       used 10636K, capacity 11010K, committed 11264K, reserved 1058816K
  class space    used 1338K, capacity 1461K, committed 1536K, reserved 1048576K
Event: 9.456 GC heap after
Heap after GC invocations=3 (full 0):
 PSYoungGen      total 18944K, used 2544K [0x00000000eab00000, 0x00000000ec000000, 0x0000000100000000)
  eden space 16384K, 0% used [0x00000000eab00000,0x00000000eab00000,0x00000000ebb00000)
  from space 2560K, 99% used [0x00000000ebb00000,0x00000000ebd7c030,0x00000000ebd80000)
  to   space 2560K, 0% used [0x00000000ebd80000,0x00000000ebd80000,0x00000000ec000000)
 ParOldGen       total 44032K, used 1499K [0x00000000c0000000, 0x00000000c2b00000, 0x00000000eab00000)
  object space 44032K, 3% used [0x00000000c0000000,0x00000000c0176e20,0x00000000c2b00000)
 Metaspace       used 10636K, capacity 11010K, committed 11264K, reserved 1058816K
  class space    used 1338K, capacity 1461K, committed 1536K, reserved 1048576K
}
Event: 9.719 GC heap before
{Heap before GC invocations=4 (full 0):
 PSYoungGen      total 18944K, used 18928K [0x00000000eab00000, 0x00000000ec000000, 0x0000000100000000)
  eden space 16384K, 100% used [0x00000000eab00000,0x00000000ebb00000,0x00000000ebb00000)
  from space 2560K, 99% used [0x00000000ebb00000,0x00000000ebd7c030,0x00000000ebd80000)
  to   space 2560K, 0% used [0x00000000ebd80000,0x00000000ebd80000,0x00000000ec000000)
 ParOldGen       total 44032K, used 1499K [0x00000000c0000000, 0x00000000c2b00000, 0x00000000eab00000)
  object space 44032K, 3% used [0x00000000c0000000,0x00000000c0176e20,0x00000000c2b00000)
 Metaspace       used 12358K, capacity 12718K, committed 12800K, reserved 1060864K
  class space    used 1627K, capacity 1751K, committed 1792K, reserved 1048576K
Event: 9.727 GC heap after
Heap after GC invocations=4 (full 0):
 PSYoungGen      total 18944K, used 2560K [0x00000000eab00000, 0x00000000ed000000, 0x0000000100000000)
  eden space 16384K, 0% used [0x00000000eab00000,0x00000000eab00000,0x00000000ebb00000)
  from space 2560K, 100% used [0x00000000ebd80000,0x00000000ec000000,0x00000000ec000000)
  to   space 2560K, 0% used [0x00000000ebb00000,0x00000000ebb00000,0x00000000ebd80000)
 ParOldGen       total 44032K, used 3520K [0x00000000c0000000, 0x00000000c2b00000, 0x00000000eab00000)
  object space 44032K, 7% used [0x00000000c0000000,0x00000000c0370200,0x00000000c2b00000)
 Metaspace       used 12358K, capacity 12718K, committed 12800K, reserved 1060864K
  class space    used 1627K, capacity 1751K, committed 1792K, reserved 1048576K
}
Event: 10.087 GC heap before
{Heap before GC invocations=5 (full 0):
 PSYoungGen      total 18944K, used 18944K [0x00000000eab00000, 0x00000000ed000000, 0x0000000100000000)
  eden space 16384K, 100% used [0x00000000eab00000,0x00000000ebb00000,0x00000000ebb00000)
  from space 2560K, 100% used [0x00000000ebd80000,0x00000000ec000000,0x00000000ec000000)
  to   space 2560K, 0% used [0x00000000ebb00000,0x00000000ebb00000,0x00000000ebd80000)
 ParOldGen       total 44032K, used 3520K [0x00000000c0000000, 0x00000000c2b00000, 0x00000000eab00000)
  object space 44032K, 7% used [0x00000000c0000000,0x00000000c0370200,0x00000000c2b00000)
 Metaspace       used 16434K, capacity 16782K, committed 16896K, reserved 1064960K
  class space    used 2127K, capacity 2231K, committed 2304K, reserved 1048576K
Event: 10.097 GC heap after
Heap after GC invocations=5 (full 0):
 PSYoungGen      total 18944K, used 2528K [0x00000000eab00000, 0x00000000ed900000, 0x0000000100000000)
  eden space 16384K, 0% used [0x00000000eab00000,0x00000000eab00000,0x00000000ebb00000)
  from space 2560K, 98% used [0x00000000ebb00000,0x00000000ebd78020,0x00000000ebd80000)
  to   space 7168K, 0% used [0x00000000ed200000,0x00000000ed200000,0x00000000ed900000)
 ParOldGen       total 44032K, used 7191K [0x00000000c0000000, 0x00000000c2b00000, 0x00000000eab00000)
  object space 44032K, 16% used [0x00000000c0000000,0x00000000c0705d38,0x00000000c2b00000)
 Metaspace       used 16434K, capacity 16782K, committed 16896K, reserved 1064960K
  class space    used 2127K, capacity 2231K, committed 2304K, reserved 1048576K
}

Deoptimization events (10 events):
Event: 9.950 Thread 0x0000000017e38000 Uncommon trap: reason=unstable_if action=reinterpret pc=0x0000000002cf3d48 method=java.util.HashMap.getNode(ILjava/lang/Object;)Ljava/util/HashMap$Node; @ 129
Event: 9.950 Thread 0x0000000017e38000 Uncommon trap: reason=unstable_if action=reinterpret pc=0x0000000002e66a38 method=java.util.HashMap.getNode(ILjava/lang/Object;)Ljava/util/HashMap$Node; @ 129
Event: 9.958 Thread 0x0000000017e38000 Uncommon trap: reason=class_check action=maybe_recompile pc=0x0000000002f84de8 method=org.gradle.internal.service.DefaultServiceRegistry$ClassSpec.isSatisfiedBy(Ljava/lang/Object;)Z @ 2
Event: 9.958 Thread 0x0000000017e38000 Uncommon trap: reason=class_check action=maybe_recompile pc=0x0000000002f84de8 method=org.gradle.internal.service.DefaultServiceRegistry$ClassSpec.isSatisfiedBy(Ljava/lang/Object;)Z @ 2
Event: 9.958 Thread 0x0000000017e38000 Uncommon trap: reason=class_check action=maybe_recompile pc=0x0000000002f84de8 method=org.gradle.internal.service.DefaultServiceRegistry$ClassSpec.isSatisfiedBy(Ljava/lang/Object;)Z @ 2
Event: 9.958 Thread 0x0000000017e38000 Uncommon trap: reason=class_check action=maybe_recompile pc=0x0000000002f84de8 method=org.gradle.internal.service.DefaultServiceRegistry$ClassSpec.isSatisfiedBy(Ljava/lang/Object;)Z @ 2
Event: 10.289 Thread 0x0000000017e38000 Uncommon trap: reason=class_check action=maybe_recompile pc=0x0000000002f8307c method=org.gradle.internal.service.DefaultServiceRegistry$SingletonService.getService(Lorg/gradle/internal/service/DefaultServiceRegistry$LookupContext;Lorg/gradle/internal/ser
Event: 10.289 Thread 0x0000000017e38000 Uncommon trap: reason=class_check action=maybe_recompile pc=0x0000000002f8307c method=org.gradle.internal.service.DefaultServiceRegistry$SingletonService.getService(Lorg/gradle/internal/service/DefaultServiceRegistry$LookupContext;Lorg/gradle/internal/ser
Event: 10.289 Thread 0x0000000017e38000 Uncommon trap: reason=class_check action=maybe_recompile pc=0x0000000002f8307c method=org.gradle.internal.service.DefaultServiceRegistry$SingletonService.getService(Lorg/gradle/internal/service/DefaultServiceRegistry$LookupContext;Lorg/gradle/internal/ser
Event: 10.289 Thread 0x0000000017e38000 Uncommon trap: reason=class_check action=maybe_recompile pc=0x0000000002f8307c method=org.gradle.internal.service.DefaultServiceRegistry$SingletonService.getService(Lorg/gradle/internal/service/DefaultServiceRegistry$LookupContext;Lorg/gradle/internal/ser

Classes redefined (0 events):
No events

Internal exceptions (10 events):
Event: 9.929 Thread 0x0000000017e38000 Exception <a 'java/lang/ClassNotFoundException': groovy/lang/ExpandoMetaClassBeanInfo> (0x00000000eb478138) thrown at [D:\src\AOSP-openjdk-cygwin\jdk8u\hotspot\src\share\vm\classfile\systemDictionary.cpp, line 210]
Event: 9.930 Thread 0x0000000017e38000 Exception <a 'java/lang/ClassNotFoundException': groovy/lang/MetaClassImplBeanInfo> (0x00000000eb482950) thrown at [D:\src\AOSP-openjdk-cygwin\jdk8u\hotspot\src\share\vm\classfile\systemDictionary.cpp, line 210]
Event: 9.930 Thread 0x0000000017e38000 Exception <a 'java/lang/ClassNotFoundException': java/lang/ObjectBeanInfo> (0x00000000eb4876f8) thrown at [D:\src\AOSP-openjdk-cygwin\jdk8u\hotspot\src\share\vm\classfile\systemDictionary.cpp, line 210]
Event: 9.930 Thread 0x0000000017e38000 Exception <a 'java/lang/ClassNotFoundException': java/lang/ObjectCustomizer> (0x00000000eb48c5e8) thrown at [D:\src\AOSP-openjdk-cygwin\jdk8u\hotspot\src\share\vm\classfile\systemDictionary.cpp, line 210]
Event: 9.934 Thread 0x0000000017e38000 Exception <a 'java/lang/ClassNotFoundException': groovy/lang/MetaClassImplCustomizer> (0x00000000eb49eb38) thrown at [D:\src\AOSP-openjdk-cygwin\jdk8u\hotspot\src\share\vm\classfile\systemDictionary.cpp, line 210]
Event: 9.936 Thread 0x0000000017e38000 Exception <a 'java/lang/ClassNotFoundException': groovy/lang/ExpandoMetaClassCustomizer> (0x00000000eb4d2500) thrown at [D:\src\AOSP-openjdk-cygwin\jdk8u\hotspot\src\share\vm\classfile\systemDictionary.cpp, line 210]
Event: 9.945 Thread 0x0000000017e38000 Exception <a 'java/lang/ClassNotFoundException': org/gradle/api/internal/plugins/DefaultExtraPropertiesExtensionBeanInfo> (0x00000000eb552a80) thrown at [D:\src\AOSP-openjdk-cygwin\jdk8u\hotspot\src\share\vm\classfile\systemDictionary.cpp, line 210]
Event: 9.945 Thread 0x0000000017e38000 Exception <a 'java/lang/ClassNotFoundException': groovy/lang/GroovyObjectSupportBeanInfo> (0x00000000eb55e398) thrown at [D:\src\AOSP-openjdk-cygwin\jdk8u\hotspot\src\share\vm\classfile\systemDictionary.cpp, line 210]
Event: 9.946 Thread 0x0000000017e38000 Exception <a 'java/lang/ClassNotFoundException': groovy/lang/GroovyObjectSupportCustomizer> (0x00000000eb56a070) thrown at [D:\src\AOSP-openjdk-cygwin\jdk8u\hotspot\src\share\vm\classfile\systemDictionary.cpp, line 210]
Event: 9.946 Thread 0x0000000017e38000 Exception <a 'java/lang/ClassNotFoundException': org/gradle/api/internal/plugins/DefaultExtraPropertiesExtensionCustomizer> (0x00000000eb57fc60) thrown at [D:\src\AOSP-openjdk-cygwin\jdk8u\hotspot\src\share\vm\classfile\systemDictionary.cpp, line 210]

Events (10 events):
Event: 10.539 loading class org/gradle/cache/internal/locklistener/DefaultFileLockContentionHandler$1 done
Event: 10.540 Thread 0x000000001a433000 Thread added: 0x000000001a433000
Event: 10.540 loading class org/gradle/internal/Factories
Event: 10.540 loading class org/gradle/internal/Factories done
Event: 10.540 loading class org/gradle/internal/Factories$2
Event: 10.540 loading class org/gradle/internal/Factories$2 done
Event: 10.541 loading class org/gradle/internal/hash/HashUtil
Event: 10.541 loading class org/gradle/internal/hash/HashUtil done
Event: 10.541 loading class java/security/NoSuchAlgorithmException
Event: 10.542 loading class java/net/DatagramPacket$1


Dynamic libraries:
0x00007ff753e70000 - 0x00007ff753ea1000 	C:\Program Files\Android\Android Studio1\jre\bin\java.exe
0x00007ffb14740000 - 0x00007ffb148ed000 	C:\Windows\SYSTEM32\ntdll.dll
0x00007ffb12170000 - 0x00007ffb122aa000 	C:\Windows\system32\KERNEL32.DLL
0x00007ffb11a20000 - 0x00007ffb11b35000 	C:\Windows\system32\KERNELBASE.dll
0x00007ffb12a10000 - 0x00007ffb12aba000 	C:\Windows\system32\ADVAPI32.dll
0x00007ffb11ff0000 - 0x00007ffb12167000 	C:\Windows\system32\USER32.dll
0x00007ffb0f8e0000 - 0x00007ffb0fb5a000 	C:\Windows\WinSxS\amd64_microsoft.windows.common-controls_6595b64144ccf1df_6.0.9600.17810_none_6240b9c7ecbd0bda\COMCTL32.dll
0x00007ffb142b0000 - 0x00007ffb14357000 	C:\Windows\system32\msvcrt.dll
0x00007ffb12900000 - 0x00007ffb12959000 	C:\Windows\SYSTEM32\sechost.dll
0x00007ffb12720000 - 0x00007ffb12860000 	C:\Windows\system32\RPCRT4.dll
0x00007ffb14100000 - 0x00007ffb1424b000 	C:\Windows\system32\GDI32.dll
0x00007ffb11dd0000 - 0x00007ffb11dfe000 	C:\Windows\system32\SspiCli.dll
0x00007ffb140c0000 - 0x00007ffb140f4000 	C:\Windows\system32\IMM32.DLL
0x00007ffb123a0000 - 0x00007ffb124f2000 	C:\Windows\system32\MSCTF.dll
0x0000000054080000 - 0x0000000054152000 	C:\Program Files\Android\Android Studio1\jre\jre\bin\msvcr100.dll
0x0000000053370000 - 0x0000000053bae000 	C:\Program Files\Android\Android Studio1\jre\jre\bin\server\jvm.dll
0x00007ffb09f10000 - 0x00007ffb09f19000 	C:\Windows\SYSTEM32\WSOCK32.dll
0x00007ffb10460000 - 0x00007ffb1047f000 	C:\Windows\SYSTEM32\WINMM.dll
0x00007ffb0fdd0000 - 0x00007ffb0fdda000 	C:\Windows\SYSTEM32\VERSION.dll
0x00007ffb11fe0000 - 0x00007ffb11fe7000 	C:\Windows\system32\PSAPI.DLL
0x00007ffb14370000 - 0x00007ffb143ca000 	C:\Windows\system32\WS2_32.dll
0x00007ffb10390000 - 0x00007ffb103ba000 	C:\Windows\SYSTEM32\WINMMBASE.dll
0x00007ffb14360000 - 0x00007ffb14369000 	C:\Windows\system32\NSI.dll
0x00007ffb11d20000 - 0x00007ffb11d6a000 	C:\Windows\SYSTEM32\cfgmgr32.dll
0x00007ffb106f0000 - 0x00007ffb10716000 	C:\Windows\SYSTEM32\DEVOBJ.dll
0x00007ffb0ebc0000 - 0x00007ffb0ebcf000 	C:\Program Files\Android\Android Studio1\jre\jre\bin\verify.dll
0x00007ffafe8f0000 - 0x00007ffafe919000 	C:\Program Files\Android\Android Studio1\jre\jre\bin\java.dll
0x00007ffb0af70000 - 0x00007ffb0af86000 	C:\Program Files\Android\Android Studio1\jre\jre\bin\zip.dll
0x00007ffb12b90000 - 0x00007ffb140b9000 	C:\Windows\system32\SHELL32.dll
0x00007ffb12500000 - 0x00007ffb12712000 	C:\Windows\SYSTEM32\combase.dll
0x00007ffb122b0000 - 0x00007ffb12301000 	C:\Windows\system32\SHLWAPI.dll
0x00007ffb0fd30000 - 0x00007ffb0fdcf000 	C:\Windows\SYSTEM32\SHCORE.dll
0x00007ffb118a0000 - 0x00007ffb118b4000 	C:\Windows\SYSTEM32\profapi.dll
0x00007ffb01d50000 - 0x00007ffb01d6a000 	C:\Program Files\Android\Android Studio1\jre\jre\bin\net.dll
0x00007ffb11150000 - 0x00007ffb111a9000 	C:\Windows\system32\mswsock.dll
0x00007ffafe310000 - 0x00007ffafe321000 	C:\Program Files\Android\Android Studio1\jre\jre\bin\nio.dll
0x00007ffafab60000 - 0x00007ffafab72000 	C:\Users\LAPTOP\.gradle\native\19\windows-amd64\native-platform.dll
0x00007ffb104a0000 - 0x00007ffb104ca000 	C:\Windows\SYSTEM32\IPHLPAPI.DLL
0x00007ffb10450000 - 0x00007ffb1045a000 	C:\Windows\SYSTEM32\WINNSI.DLL
0x00007ffb0e470000 - 0x00007ffb0e484000 	C:\Windows\SYSTEM32\dhcpcsvc6.DLL
0x00007ffb0e450000 - 0x00007ffb0e469000 	C:\Windows\SYSTEM32\dhcpcsvc.DLL
0x00007ffb111b0000 - 0x00007ffb111ce000 	C:\Windows\SYSTEM32\CRYPTSP.dll
0x00007ffb10d80000 - 0x00007ffb10db5000 	C:\Windows\system32\rsaenh.dll
0x00007ffb113f0000 - 0x00007ffb11416000 	C:\Windows\SYSTEM32\bcrypt.dll
0x00007ffb10e90000 - 0x00007ffb10eae000 	C:\Windows\SYSTEM32\USERENV.dll
0x00007ffb11700000 - 0x00007ffb11763000 	C:\Windows\system32\bcryptprimitives.dll
0x00007ffb11770000 - 0x00007ffb1177a000 	C:\Windows\SYSTEM32\CRYPTBASE.dll

VM Arguments:
jvm_args: -XX:MaxPermSize=256m -XX:+HeapDumpOnOutOfMemoryError -Xmx1024m -Dfile.encoding=windows-1252 -Duser.country=US -Duser.language=en -Duser.variant 
java_command: org.gradle.launcher.daemon.bootstrap.GradleDaemon 2.10
java_class_path (initial): C:\Users\LAPTOP\.gradle\wrapper\dists\gradle-2.10-all\a4w5fzrkeut1ox71xslb49gst\gradle-2.10\lib\gradle-launcher-2.10.jar
Launcher Type: SUN_STANDARD

Environment Variables:
CLASSPATH=C:\Program Files\Java\jdk1.7.0_45\bin;.;
PATH=C:\ProgramData\Oracle\Java\javapath;C:\oraclexe\app\oracle\product\10.2.0\server\bin;C:\Program Files\Java\jdk1.7.0_45\bin;C:\Program Files (x86)\Windows Kits\10\Windows Performance Toolkit\;C:\Program Files (x86)\Skype\Phone\
USERNAME=LAPTOP
OS=Windows_NT
PROCESSOR_IDENTIFIER=Intel64 Family 6 Model 78 Stepping 3, GenuineIntel



---------------  S Y S T E M  ---------------

OS: Windows 8.1 , 64 bit Build 9600 (6.3.9600.17056)

CPU:total 4 (initial active 4) (2 cores per cpu, 2 threads per core) family 6 model 78 stepping 3, cmov, cx8, fxsr, mmx, sse, sse2, sse3, ssse3, sse4.1, sse4.2, popcnt, avx, avx2, aes, clmul, erms, 3dnowpref, lzcnt, ht, tsc, tscinvbit, bmi1, bmi2

Memory: 4k page, physical 4082696k(223960k free), swap 7228424k(3916k free)

vm_info: OpenJDK 64-Bit Server VM (25.152-b01) for windows-amd64 JRE (1.8.0_152-release-915-b01), built by "builder" with MS VC++ 10.0 (VS2010)

time: Fri Mar 30 23:31:16 2018
elapsed time: 11 seconds (0d 0h 0m 11s)

