#
# There is insufficient memory for the Java Runtime Environment to continue.
# Native memory allocation (malloc) failed to allocate 506448 bytes for Chunk::new
# Possible reasons:
#   The system is out of physical RAM or swap space
#   In 32 bit mode, the process size limit was hit
# Possible solutions:
#   Reduce memory load on the system
#   Increase physical memory or swap space
#   Check if swap backing store is full
#   Use 64 bit Java on a 64 bit OS
#   Decrease Java heap size (-Xmx/-Xms)
#   Decrease number of Java threads
#   Decrease Java thread stack sizes (-Xss)
#   Set larger code cache with -XX:ReservedCodeCacheSize=
# This output file may be truncated or incomplete.
#
#  Out of Memory Error (allocation.cpp:323), pid=13388, tid=15200
#
# JRE version: Java(TM) SE Runtime Environment (7.0_45-b18) (build 1.7.0_45-b18)
# Java VM: Java HotSpot(TM) 64-Bit Server VM (24.45-b08 mixed mode windows-amd64 compressed oops)
# Failed to write core dump. Minidumps are not enabled by default on client versions of Windows
#

---------------  T H R E A D  ---------------

Current thread (0x0000000007e52000):  JavaThread "C2 CompilerThread0" daemon [_thread_in_native, id=15200, stack(0x00000000093f0000,0x00000000094f0000)]

Stack: [0x00000000093f0000,0x00000000094f0000]

Current CompileTask:
C2:  11052  628             com.android.dx.rop.code.LocalVariableExtractor::processBlock (327 bytes)


---------------  P R O C E S S  ---------------

Java Threads: ( => current thread )
  0x00000000098c3000 JavaThread "pool-1-thread-4" [_thread_in_Java, id=768, stack(0x0000000009ff0000,0x000000000a0f0000)]
  0x00000000098c4000 JavaThread "pool-1-thread-3" [_thread_blocked, id=13316, stack(0x0000000009ef0000,0x0000000009ff0000)]
  0x00000000098c0000 JavaThread "pool-1-thread-2" [_thread_blocked, id=13680, stack(0x0000000009df0000,0x0000000009ef0000)]
  0x00000000098bf000 JavaThread "pool-2-thread-1" [_thread_blocked, id=13920, stack(0x0000000009cf0000,0x0000000009df0000)]
  0x00000000098c2800 JavaThread "pool-1-thread-1" [_thread_blocked, id=10584, stack(0x0000000009bf0000,0x0000000009cf0000)]
  0x0000000007e5f800 JavaThread "Service Thread" daemon [_thread_blocked, id=1264, stack(0x00000000095f0000,0x00000000096f0000)]
  0x0000000007e55000 JavaThread "C2 CompilerThread1" daemon [_thread_blocked, id=15276, stack(0x00000000094f0000,0x00000000095f0000)]
=>0x0000000007e52000 JavaThread "C2 CompilerThread0" daemon [_thread_in_native, id=15200, stack(0x00000000093f0000,0x00000000094f0000)]
  0x0000000007e51000 JavaThread "Attach Listener" daemon [_thread_blocked, id=12200, stack(0x00000000092f0000,0x00000000093f0000)]
  0x0000000007e4e000 JavaThread "Signal Dispatcher" daemon [_thread_blocked, id=10940, stack(0x00000000091f0000,0x00000000092f0000)]
  0x0000000007e1e000 JavaThread "Finalizer" daemon [_thread_blocked, id=14040, stack(0x00000000090f0000,0x00000000091f0000)]
  0x0000000007e12800 JavaThread "Reference Handler" daemon [_thread_blocked, id=6168, stack(0x0000000008ff0000,0x00000000090f0000)]
  0x0000000001e60800 JavaThread "main" [_thread_in_native, id=12836, stack(0x0000000000620000,0x0000000000720000)]

Other Threads:
  0x0000000007e10800 VMThread [stack: 0x0000000008ef0000,0x0000000008ff0000] [id=9924]
  0x0000000007e7b800 WatcherThread [stack: 0x00000000096f0000,0x00000000097f0000] [id=14424]

VM state:not at safepoint (normal execution)

VM Mutex/Monitor currently owned by a thread: None

Heap
 PSYoungGen      total 82432K, used 29296K [0x00000000eaa80000, 0x00000000f2380000, 0x0000000100000000)
  eden space 59904K, 48% used [0x00000000eaa80000,0x00000000ec71c1d0,0x00000000ee500000)
  from space 22528K, 0% used [0x00000000f0d80000,0x00000000f0d80000,0x00000000f2380000)
  to   space 17920K, 0% used [0x00000000ee500000,0x00000000ee500000,0x00000000ef680000)
 ParOldGen       total 90624K, used 50341K [0x00000000c0000000, 0x00000000c5880000, 0x00000000eaa80000)
  object space 90624K, 55% used [0x00000000c0000000,0x00000000c3129480,0x00000000c5880000)
 PSPermGen       total 21504K, used 5304K [0x00000000bae00000, 0x00000000bc300000, 0x00000000c0000000)
  object space 21504K, 24% used [0x00000000bae00000,0x00000000bb32e1c0,0x00000000bc300000)

Card table byte_map: [0x0000000005080000,0x00000000052b0000] byte_map_base: 0x0000000004aa9000

Polling page: 0x00000000004a0000

Code Cache  [0x0000000001fc0000, 0x0000000002230000, 0x0000000004fc0000)
 total_blobs=843 nmethods=629 adapters=166 free_code_cache=46714Kb largest_free_block=47776320

Compilation events (10 events):
Event: 10.364 Thread 0x0000000007e55000  630             com.android.dx.rop.code.LocalVariableInfo::mergeStarts (75 bytes)
Event: 10.377 Thread 0x0000000007e55000 nmethod 630 0x000000000220de50 code [0x000000000220dfe0, 0x000000000220e730]
Event: 10.377 Thread 0x0000000007e55000  631             com.android.dx.rop.code.LocalVariableInfo::mutableCopyOfStarts (29 bytes)
Event: 10.379 Thread 0x0000000007e55000 nmethod 631 0x000000000220d950 code [0x000000000220daa0, 0x000000000220dca8]
Event: 10.379 Thread 0x0000000007e55000  632             com.android.dx.rop.code.BasicBlock::hasExceptionHandlers (26 bytes)
Event: 10.380 Thread 0x0000000007e55000 nmethod 632 0x0000000002212c90 code [0x0000000002212de0, 0x0000000002212f18]
Event: 10.380 Thread 0x0000000007e55000  633   !         com.android.dx.rop.code.LocalVariableInfo::setStarts (40 bytes)
Event: 10.381 Thread 0x0000000007e55000 nmethod 633 0x0000000002212950 code [0x0000000002212aa0, 0x0000000002212b78]
Event: 10.416 Thread 0x0000000007e55000  634             com.android.dx.util.Hex::u2 (44 bytes)
Event: 10.420 Thread 0x0000000007e55000 nmethod 634 0x0000000002212450 code [0x00000000022125a0, 0x00000000022127f8]

GC Heap History (10 events):
Event: 6.806 GC heap after
Heap after GC invocations=12 (full 3):
 PSYoungGen      total 77824K, used 5173K [0x00000000eaa80000, 0x00000000f2380000, 0x0000000100000000)
  eden space 59904K, 0% used [0x00000000eaa80000,0x00000000eaa80000,0x00000000ee500000)
  from space 17920K, 28% used [0x00000000ee500000,0x00000000eea0d778,0x00000000ef680000)
  to   space 22528K, 0% used [0x00000000f0d80000,0x00000000f0d80000,0x00000000f2380000)
 ParOldGen       total 90624K, used 23711K [0x00000000c0000000, 0x00000000c5880000, 0x00000000eaa80000)
  object space 90624K, 26% used [0x00000000c0000000,0x00000000c1727fe0,0x00000000c5880000)
 PSPermGen       total 21504K, used 5251K [0x00000000bae00000, 0x00000000bc300000, 0x00000000c0000000)
  object space 21504K, 24% used [0x00000000bae00000,0x00000000bb320fd8,0x00000000bc300000)
}
Event: 7.176 GC heap before
{Heap before GC invocations=13 (full 3):
 PSYoungGen      total 77824K, used 65077K [0x00000000eaa80000, 0x00000000f2380000, 0x0000000100000000)
  eden space 59904K, 100% used [0x00000000eaa80000,0x00000000ee500000,0x00000000ee500000)
  from space 17920K, 28% used [0x00000000ee500000,0x00000000eea0d778,0x00000000ef680000)
  to   space 22528K, 0% used [0x00000000f0d80000,0x00000000f0d80000,0x00000000f2380000)
 ParOldGen       total 90624K, used 23711K [0x00000000c0000000, 0x00000000c5880000, 0x00000000eaa80000)
  object space 90624K, 26% used [0x00000000c0000000,0x00000000c1727fe0,0x00000000c5880000)
 PSPermGen       total 21504K, used 5257K [0x00000000bae00000, 0x00000000bc300000, 0x00000000c0000000)
  object space 21504K, 24% used [0x00000000bae00000,0x00000000bb322688,0x00000000bc300000)
Event: 7.187 GC heap after
Heap after GC invocations=13 (full 3):
 PSYoungGen      total 82432K, used 18182K [0x00000000eaa80000, 0x00000000f2380000, 0x0000000100000000)
  eden space 59904K, 0% used [0x00000000eaa80000,0x00000000eaa80000,0x00000000ee500000)
  from space 22528K, 80% used [0x00000000f0d80000,0x00000000f1f41968,0x00000000f2380000)
  to   space 17920K, 0% used [0x00000000ee500000,0x00000000ee500000,0x00000000ef680000)
 ParOldGen       total 90624K, used 23711K [0x00000000c0000000, 0x00000000c5880000, 0x00000000eaa80000)
  object space 90624K, 26% used [0x00000000c0000000,0x00000000c1727fe0,0x00000000c5880000)
 PSPermGen       total 21504K, used 5257K [0x00000000bae00000, 0x00000000bc300000, 0x00000000c0000000)
  object space 21504K, 24% used [0x00000000bae00000,0x00000000bb322688,0x00000000bc300000)
}
Event: 8.937 GC heap before
{Heap before GC invocations=14 (full 3):
 PSYoungGen      total 82432K, used 78086K [0x00000000eaa80000, 0x00000000f2380000, 0x0000000100000000)
  eden space 59904K, 100% used [0x00000000eaa80000,0x00000000ee500000,0x00000000ee500000)
  from space 22528K, 80% used [0x00000000f0d80000,0x00000000f1f41968,0x00000000f2380000)
  to   space 17920K, 0% used [0x00000000ee500000,0x00000000ee500000,0x00000000ef680000)
 ParOldGen       total 90624K, used 23711K [0x00000000c0000000, 0x00000000c5880000, 0x00000000eaa80000)
  object space 90624K, 26% used [0x00000000c0000000,0x00000000c1727fe0,0x00000000c5880000)
 PSPermGen       total 21504K, used 5285K [0x00000000bae00000, 0x00000000bc300000, 0x00000000c0000000)
  object space 21504K, 24% used [0x00000000bae00000,0x00000000bb329728,0x00000000bc300000)
Event: 8.973 GC heap after
Heap after GC invocations=14 (full 3):
 PSYoungGen      total 77824K, used 17896K [0x00000000eaa80000, 0x00000000f2380000, 0x0000000100000000)
  eden space 59904K, 0% used [0x00000000eaa80000,0x00000000eaa80000,0x00000000ee500000)
  from space 17920K, 99% used [0x00000000ee500000,0x00000000ef67a170,0x00000000ef680000)
  to   space 22528K, 0% used [0x00000000f0d80000,0x00000000f0d80000,0x00000000f2380000)
 ParOldGen       total 90624K, used 35568K [0x00000000c0000000, 0x00000000c5880000, 0x00000000eaa80000)
  object space 90624K, 39% used [0x00000000c0000000,0x00000000c22bc348,0x00000000c5880000)
 PSPermGen       total 21504K, used 5285K [0x00000000bae00000, 0x00000000bc300000, 0x00000000c0000000)
  object space 21504K, 24% used [0x00000000bae00000,0x00000000bb329728,0x00000000bc300000)
}
Event: 9.406 GC heap before
{Heap before GC invocations=15 (full 3):
 PSYoungGen      total 77824K, used 77800K [0x00000000eaa80000, 0x00000000f2380000, 0x0000000100000000)
  eden space 59904K, 100% used [0x00000000eaa80000,0x00000000ee500000,0x00000000ee500000)
  from space 17920K, 99% used [0x00000000ee500000,0x00000000ef67a170,0x00000000ef680000)
  to   space 22528K, 0% used [0x00000000f0d80000,0x00000000f0d80000,0x00000000f2380000)
 ParOldGen       total 90624K, used 35568K [0x00000000c0000000, 0x00000000c5880000, 0x00000000eaa80000)
  object space 90624K, 39% used [0x00000000c0000000,0x00000000c22bc348,0x00000000c5880000)
 PSPermGen       total 21504K, used 5295K [0x00000000bae00000, 0x00000000bc300000, 0x00000000c0000000)
  object space 21504K, 24% used [0x00000000bae00000,0x00000000bb32bf30,0x00000000bc300000)
Event: 9.435 GC heap after
Heap after GC invocations=15 (full 3):
 PSYoungGen      total 82432K, used 19953K [0x00000000eaa80000, 0x00000000f2380000, 0x0000000100000000)
  eden space 59904K, 0% used [0x00000000eaa80000,0x00000000eaa80000,0x00000000ee500000)
  from space 22528K, 88% used [0x00000000f0d80000,0x00000000f20fc6b0,0x00000000f2380000)
  to   space 17920K, 0% used [0x00000000ee500000,0x00000000ee500000,0x00000000ef680000)
 ParOldGen       total 90624K, used 35568K [0x00000000c0000000, 0x00000000c5880000, 0x00000000eaa80000)
  object space 90624K, 39% used [0x00000000c0000000,0x00000000c22bc348,0x00000000c5880000)
 PSPermGen       total 21504K, used 5295K [0x00000000bae00000, 0x00000000bc300000, 0x00000000c0000000)
  object space 21504K, 24% used [0x00000000bae00000,0x00000000bb32bf30,0x00000000bc300000)
}
Event: 9.936 GC heap before
{Heap before GC invocations=16 (full 3):
 PSYoungGen      total 82432K, used 79857K [0x00000000eaa80000, 0x00000000f2380000, 0x0000000100000000)
  eden space 59904K, 100% used [0x00000000eaa80000,0x00000000ee500000,0x00000000ee500000)
  from space 22528K, 88% used [0x00000000f0d80000,0x00000000f20fc6b0,0x00000000f2380000)
  to   space 17920K, 0% used [0x00000000ee500000,0x00000000ee500000,0x00000000ef680000)
 ParOldGen       total 90624K, used 35568K [0x00000000c0000000, 0x00000000c5880000, 0x00000000eaa80000)
  object space 90624K, 39% used [0x00000000c0000000,0x00000000c22bc348,0x00000000c5880000)
 PSPermGen       total 21504K, used 5298K [0x00000000bae00000, 0x00000000bc300000, 0x00000000c0000000)
  object space 21504K, 24% used [0x00000000bae00000,0x00000000bb32cbe8,0x00000000bc300000)
Event: 9.989 GC heap after
Heap after GC invocations=16 (full 3):
 PSYoungGen      total 77824K, used 17902K [0x00000000eaa80000, 0x00000000f2380000, 0x0000000100000000)
  eden space 59904K, 0% used [0x00000000eaa80000,0x00000000eaa80000,0x00000000ee500000)
  from space 17920K, 99% used [0x00000000ee500000,0x00000000ef67ba70,0x00000000ef680000)
  to   space 22528K, 0% used [0x00000000f0d80000,0x00000000f0d80000,0x00000000f2380000)
 ParOldGen       total 90624K, used 58621K [0x00000000c0000000, 0x00000000c5880000, 0x00000000eaa80000)
  object space 90624K, 64% used [0x00000000c0000000,0x00000000c393f6b0,0x00000000c5880000)
 PSPermGen       total 21504K, used 5298K [0x00000000bae00000, 0x00000000bc300000, 0x00000000c0000000)
  object space 21504K, 24% used [0x00000000bae00000,0x00000000bb32cbe8,0x00000000bc300000)
}
Event: 10.520 GC heap before
{Heap before GC invocations=17 (full 3):
 PSYoungGen      total 77824K, used 77806K [0x00000000eaa80000, 0x00000000f2380000, 0x0000000100000000)
  eden space 59904K, 100% used [0x00000000eaa80000,0x00000000ee500000,0x00000000ee500000)
  from space 17920K, 99% used [0x00000000ee500000,0x00000000ef67ba70,0x00000000ef680000)
  to   space 22528K, 0% used [0x00000000f0d80000,0x00000000f0d80000,0x00000000f2380000)
 ParOldGen       total 90624K, used 58621K [0x00000000c0000000, 0x00000000c5880000, 0x00000000eaa80000)
  object space 90624K, 64% used [0x00000000c0000000,0x00000000c393f6b0,0x00000000c5880000)
 PSPermGen       total 21504K, used 5304K [0x00000000bae00000, 0x00000000bc300000, 0x00000000c0000000)
  object space 21504K, 24% used [0x00000000bae00000,0x00000000bb32e288,0x00000000bc300000)

Deoptimization events (10 events):
Event: 9.435 Thread 0x00000000098c3000 Uncommon trap: reason=bimorphic action=maybe_recompile pc=0x0000000002112620 method=com.android.dx.rop.code.BasicBlock.hasExceptionHandlers()Z @ 9
Event: 9.436 Thread 0x00000000098c3000 Uncommon trap: reason=bimorphic action=maybe_recompile pc=0x0000000002112620 method=com.android.dx.rop.code.BasicBlock.hasExceptionHandlers()Z @ 9
Event: 9.437 Thread 0x00000000098c3000 Uncommon trap: reason=bimorphic action=maybe_recompile pc=0x0000000002112620 method=com.android.dx.rop.code.BasicBlock.hasExceptionHandlers()Z @ 9
Event: 9.739 Thread 0x00000000098c3000 Uncommon trap: reason=class_check action=maybe_recompile pc=0x000000000208f930 method=com.android.dx.ssa.DomFront.calcDomFronts()V @ 101
Event: 9.742 Thread 0x00000000098c3000 Uncommon trap: reason=class_check action=maybe_recompile pc=0x0000000002069758 method=com.android.dx.ssa.SsaConverter.placePhiFunctions(Lcom/android/dx/ssa/SsaMethod;Lcom/android/dx/ssa/LocalVariableInfo;I)V @ 257
Event: 9.764 Thread 0x00000000098c3000 Uncommon trap: reason=class_check action=maybe_recompile pc=0x000000000212dbec method=com.android.dx.ssa.SCCP.replaceConstants()V @ 56
Event: 10.018 Thread 0x00000000098c3000 Uncommon trap: reason=class_check action=maybe_recompile pc=0x000000000208f930 method=com.android.dx.ssa.DomFront.calcDomFronts()V @ 101
Event: 10.021 Thread 0x00000000098c3000 Uncommon trap: reason=class_check action=maybe_recompile pc=0x0000000002069758 method=com.android.dx.ssa.SsaConverter.placePhiFunctions(Lcom/android/dx/ssa/SsaMethod;Lcom/android/dx/ssa/LocalVariableInfo;I)V @ 257
Event: 10.054 Thread 0x00000000098c3000 Uncommon trap: reason=class_check action=maybe_recompile pc=0x000000000212dbec method=com.android.dx.ssa.SCCP.replaceConstants()V @ 56
Event: 10.241 Thread 0x00000000098c3000 Uncommon trap: reason=bimorphic action=maybe_recompile pc=0x0000000002112620 method=com.android.dx.rop.code.BasicBlock.hasExceptionHandlers()Z @ 9

Internal exceptions (10 events):
Event: 1.901 Thread 0x00000000098c0000 Implicit null exception at 0x000000000203345d to 0x0000000002033855
Event: 2.161 Thread 0x00000000098c3000 Threw 0x00000000eba7fc10 at C:\re\jdk7u45\229\hotspot\src\share\vm\prims\jvm.cpp:1244
Event: 2.421 Thread 0x00000000098c3000 Implicit null exception at 0x00000000020766cd to 0x00000000020776bd
Event: 3.369 Thread 0x00000000098c0000 Threw 0x00000000eaad8220 at C:\re\jdk7u45\229\hotspot\src\share\vm\prims\jvm.cpp:1244
Event: 4.731 Thread 0x0000000001e60800 Implicit null exception at 0x000000000217a57f to 0x000000000217ac5d
Event: 6.278 Thread 0x00000000098c3000 Implicit null exception at 0x00000000021af3a0 to 0x00000000021afc99
Event: 7.136 Thread 0x00000000098c2800 Threw 0x00000000ed34d3d0 at C:\re\jdk7u45\229\hotspot\src\share\vm\prims\jvm.cpp:1244
Event: 8.323 Thread 0x00000000098c0000 Implicit null exception at 0x00000000021bddbc to 0x00000000021be991
Event: 8.552 Thread 0x00000000098c3000 Threw 0x00000000edb6e6b0 at C:\re\jdk7u45\229\hotspot\src\share\vm\prims\jvm.cpp:1244
Event: 8.608 Thread 0x00000000098c3000 Threw 0x00000000edc14628 at C:\re\jdk7u45\229\hotspot\src\share\vm\prims\jvm.cpp:1244

Events (10 events):
Event: 10.021 Thread 0x00000000098c3000 DEOPT PACKING pc=0x0000000002069758 sp=0x000000000a0ee740
Event: 10.021 Thread 0x00000000098c3000 DEOPT UNPACKING pc=0x0000000001ff75a4 sp=0x000000000a0ee6f0 mode 2
Event: 10.054 Thread 0x00000000098c3000 Uncommon trap: trap_request=0xffffffde fr.pc=0x000000000212dbec
Event: 10.054 Thread 0x00000000098c3000 DEOPT PACKING pc=0x000000000212dbec sp=0x000000000a0ee6f0
Event: 10.054 Thread 0x00000000098c3000 DEOPT UNPACKING pc=0x0000000001ff75a4 sp=0x000000000a0ee640 mode 2
Event: 10.216 Thread 0x0000000007e52000 flushing nmethod 0x0000000002179e90
Event: 10.241 Thread 0x00000000098c3000 Uncommon trap: trap_request=0xffffffc6 fr.pc=0x0000000002112620
Event: 10.241 Thread 0x00000000098c3000 DEOPT PACKING pc=0x0000000002112620 sp=0x000000000a0ee8d0
Event: 10.241 Thread 0x00000000098c3000 DEOPT UNPACKING pc=0x0000000001ff75a4 sp=0x000000000a0ee800 mode 2
Event: 10.520 Executing VM operation: ParallelGCFailedAllocation


Dynamic libraries:
0x00007ff754980000 - 0x00007ff7549b3000 	C:\Program Files\Java\jdk1.7.0_45\bin\java.exe
0x00007ffec9650000 - 0x00007ffec97fd000 	C:\Windows\SYSTEM32\ntdll.dll
0x00007ffec84c0000 - 0x00007ffec85fa000 	C:\Windows\system32\KERNEL32.DLL
0x00007ffec6a60000 - 0x00007ffec6b75000 	C:\Windows\system32\KERNELBASE.dll
0x00007ffec52a0000 - 0x00007ffec5328000 	C:\Windows\system32\apphelp.dll
0x00007ffeb9d00000 - 0x00007ffeb9d4f000 	C:\Windows\AppPatch\AppPatch64\AcGenral.DLL
0x00007ffec9410000 - 0x00007ffec94b7000 	C:\Windows\system32\msvcrt.dll
0x00007ffec6c90000 - 0x00007ffec6cbe000 	C:\Windows\system32\SspiCli.dll
0x00007ffec8b70000 - 0x00007ffec8bc1000 	C:\Windows\system32\SHLWAPI.dll
0x00007ffec94d0000 - 0x00007ffec9647000 	C:\Windows\system32\USER32.dll
0x00007ffec8880000 - 0x00007ffec8a14000 	C:\Windows\system32\ole32.dll
0x00007ffec6ed0000 - 0x00007ffec83f9000 	C:\Windows\system32\SHELL32.dll
0x00007ffec5e00000 - 0x00007ffec5e1e000 	C:\Windows\SYSTEM32\USERENV.dll
0x00007ffec8ef0000 - 0x00007ffec8f9a000 	C:\Windows\system32\ADVAPI32.dll
0x00007ffebfe30000 - 0x00007ffebfe4b000 	C:\Windows\SYSTEM32\MPR.dll
0x00007ffec8bd0000 - 0x00007ffec8d10000 	C:\Windows\system32\RPCRT4.dll
0x00007ffec91c0000 - 0x00007ffec9219000 	C:\Windows\SYSTEM32\sechost.dll
0x00007ffec8660000 - 0x00007ffec8872000 	C:\Windows\SYSTEM32\combase.dll
0x00007ffec8a20000 - 0x00007ffec8b6b000 	C:\Windows\system32\GDI32.dll
0x00007ffec67b0000 - 0x00007ffec67c4000 	C:\Windows\SYSTEM32\profapi.dll
0x00007ffec4c40000 - 0x00007ffec4cdf000 	C:\Windows\SYSTEM32\SHCORE.dll
0x00007ffec8fa0000 - 0x00007ffec8fd4000 	C:\Windows\system32\IMM32.DLL
0x00007ffec6d70000 - 0x00007ffec6ec2000 	C:\Windows\system32\MSCTF.dll
0x00007ffec47d0000 - 0x00007ffec4a4a000 	C:\Windows\WinSxS\amd64_microsoft.windows.common-controls_6595b64144ccf1df_6.0.9600.17810_none_6240b9c7ecbd0bda\COMCTL32.dll
0x000000006c230000 - 0x000000006c302000 	C:\Program Files\Java\jdk1.7.0_45\jre\bin\msvcr100.dll
0x000000006ba60000 - 0x000000006c229000 	C:\Program Files\Java\jdk1.7.0_45\jre\bin\server\jvm.dll
0x00007ffebf050000 - 0x00007ffebf059000 	C:\Windows\SYSTEM32\WSOCK32.dll
0x00007ffec5370000 - 0x00007ffec538f000 	C:\Windows\SYSTEM32\WINMM.dll
0x00007ffec9350000 - 0x00007ffec9357000 	C:\Windows\system32\PSAPI.DLL
0x00007ffec8600000 - 0x00007ffec865a000 	C:\Windows\system32\WS2_32.dll
0x00007ffec5330000 - 0x00007ffec535a000 	C:\Windows\SYSTEM32\WINMMBASE.dll
0x00007ffec8d10000 - 0x00007ffec8d19000 	C:\Windows\system32\NSI.dll
0x00007ffec6cc0000 - 0x00007ffec6d0a000 	C:\Windows\SYSTEM32\cfgmgr32.dll
0x00007ffec5600000 - 0x00007ffec5626000 	C:\Windows\SYSTEM32\DEVOBJ.dll
0x000000006ba50000 - 0x000000006ba5f000 	C:\Program Files\Java\jdk1.7.0_45\jre\bin\verify.dll
0x000000006ba20000 - 0x000000006ba48000 	C:\Program Files\Java\jdk1.7.0_45\jre\bin\java.dll
0x000000006ba00000 - 0x000000006ba15000 	C:\Program Files\Java\jdk1.7.0_45\jre\bin\zip.dll

VM Arguments:
jvm_args: -Djava.awt.headless=true -Xmx1024M -Dfile.encoding=windows-1252 -Duser.country=US -Duser.language=en -Duser.variant 
java_command: com.android.dx.command.Main --dex --num-threads=4 --output C:\Users\LAPTOP\StudioProjects\Picnic Pro\app\build\intermediates\transforms\dex\debug\folders\1000\1f\main C:\Users\LAPTOP\StudioProjects\Picnic Pro\app\build\intermediates\classes\debug
Launcher Type: SUN_STANDARD

Environment Variables:
CLASSPATH=C:\Program Files\Java\jdk1.7.0_45\bin;.;
PATH=C:\ProgramData\Oracle\Java\javapath;C:\oraclexe\app\oracle\product\10.2.0\server\bin;C:\Program Files\Java\jdk1.7.0_45\bin;C:\Program Files (x86)\Windows Kits\10\Windows Performance Toolkit\
USERNAME=LAPTOP
OS=Windows_NT
PROCESSOR_IDENTIFIER=Intel64 Family 6 Model 78 Stepping 3, GenuineIntel



---------------  S Y S T E M  ---------------

OS: Windows 8 , 64 bit Build 9200 

CPU:total 4 (2 cores per cpu, 2 threads per core) family 6 model 78 stepping 3, cmov, cx8, fxsr, mmx, sse, sse2, sse3, ssse3, sse4.1, sse4.2, popcnt, avx, avx2, aes, erms, ht, tsc, tscinvbit

Memory: 4k page, physical 4082696k(189764k free), swap 7228424k(9220k free)

vm_info: Java HotSpot(TM) 64-Bit Server VM (24.45-b08) for windows-amd64 JRE (1.7.0_45-b18), built on Oct  8 2013 05:47:22 by "java_re" with unknown MS VC++:1600

time: Mon Jan 28 20:18:42 2019
elapsed time: 11 seconds

